# JRE version: OpenJDK Runtime Environment (15.0.2+7) (build 15.0.2+7-27)
# Java VM: OpenJDK 64-Bit Server VM (15.0.2+7-27, mixed mode, tiered, compressed oops, g1 gc, windows-amd64)
GC Precious Log:
 CPUs: 4 total, 4 available
 Memory: 6041M
 Large Page Support: Disabled
 NUMA Support: Disabled
 Compressed Oops: Enabled (32-bit)
 Heap Region Size: 1M
 Heap Min Capacity: 8M
 Heap Initial Capacity: 96M
 Heap Max Capacity: 1512M
 Pre-touch: Disabled
 Parallel Workers: 4
 Concurrent Workers: 1
 Concurrent Refinement Workers: 4
 Periodic GC: Disabled
Heap:
 garbage-first heap   total 96256K, used 49559K [0x00000000a1800000, 0x0000000100000000)
  region size 1024K, 9 young (9216K), 4 survivors (4096K)
 Metaspace       used 79686K, capacity 80774K, committed 80844K, reserved 1120256K
  class space    used 9312K, capacity 9665K, committed 9728K, reserved 1048576K
GC Heap History (20 events):
Event: 2417.382 GC heap after
{Heap after GC invocations=62 (full 4):
 garbage-first heap   total 96256K, used 42866K [0x00000000a1800000, 0x0000000100000000)
  region size 1024K, 4 young (4096K), 4 survivors (4096K)
 Metaspace       used 78333K, capacity 79283K, committed 79436K, reserved 1120256K
  class space    used 9239K, capacity 9548K, committed 9600K, reserved 1048576K
}
Event: 2421.299 GC heap before
{Heap before GC invocations=62 (full 4):
 garbage-first heap   total 96256K, used 73586K [0x00000000a1800000, 0x0000000100000000)
  region size 1024K, 35 young (35840K), 4 survivors (4096K)
 Metaspace       used 78478K, capacity 79432K, committed 79692K, reserved 1120256K
  class space    used 9248K, capacity 9554K, committed 9600K, reserved 1048576K
}
Event: 2421.384 GC heap after
{Heap after GC invocations=63 (full 5):
 garbage-first heap   total 96256K, used 37357K [0x00000000a1800000, 0x0000000100000000)
  region size 1024K, 0 young (0K), 0 survivors (0K)
 Metaspace       used 78471K, capacity 79420K, committed 79692K, reserved 1120256K
  class space    used 9247K, capacity 9551K, committed 9600K, reserved 1048576K
}
Event: 2422.255 GC heap before
{Heap before GC invocations=63 (full 5):
 garbage-first heap   total 96256K, used 77293K [0x00000000a1800000, 0x0000000100000000)
  region size 1024K, 39 young (39936K), 0 survivors (0K)
 Metaspace       used 78554K, capacity 79496K, committed 79692K, reserved 1120256K
  class space    used 9258K, capacity 9570K, committed 9600K, reserved 1048576K
}
Event: 2422.261 GC heap after
{Heap after GC invocations=64 (full 5):
 garbage-first heap   total 96256K, used 40081K [0x00000000a1800000, 0x0000000100000000)
  region size 1024K, 3 young (3072K), 3 survivors (3072K)
 Metaspace       used 78554K, capacity 79496K, committed 79692K, reserved 1120256K
  class space    used 9258K, capacity 9570K, committed 9600K, reserved 1048576K
}
Event: 2422.671 GC heap before
{Heap before GC invocations=64 (full 5):
 garbage-first heap   total 96256K, used 75921K [0x00000000a1800000, 0x0000000100000000)
  region size 1024K, 39 young (39936K), 3 survivors (3072K)
 Metaspace       used 78638K, capacity 79682K, committed 79820K, reserved 1120256K
  class space    used 9266K, capacity 9611K, committed 9728K, reserved 1048576K
}
Event: 2422.677 GC heap after
{Heap after GC invocations=65 (full 5):
 garbage-first heap   total 96256K, used 41379K [0x00000000a1800000, 0x0000000100000000)
  region size 1024K, 4 young (4096K), 4 survivors (4096K)
 Metaspace       used 78638K, capacity 79682K, committed 79820K, reserved 1120256K
  class space    used 9266K, capacity 9611K, committed 9728K, reserved 1048576K
}
Event: 2423.777 GC heap before
{Heap before GC invocations=65 (full 5):
 garbage-first heap   total 96256K, used 77219K [0x00000000a1800000, 0x0000000100000000)
  region size 1024K, 40 young (40960K), 4 survivors (4096K)
 Metaspace       used 78860K, capacity 79889K, committed 80076K, reserved 1120256K
  class space    used 9276K, capacity 9614K, committed 9728K, reserved 1048576K
}
Event: 2423.787 GC heap after
{Heap after GC invocations=66 (full 5):
 garbage-first heap   total 96256K, used 43275K [0x00000000a1800000, 0x0000000100000000)
  region size 1024K, 4 young (4096K), 4 survivors (4096K)
 Metaspace       used 78860K, capacity 79889K, committed 80076K, reserved 1120256K
  class space    used 9276K, capacity 9614K, committed 9728K, reserved 1048576K
}
Event: 2431.931 GC heap before
{Heap before GC invocations=66 (full 5):
 garbage-first heap   total 96256K, used 75019K [0x00000000a1800000, 0x0000000100000000)
  region size 1024K, 36 young (36864K), 4 survivors (4096K)
 Metaspace       used 79159K, capacity 80167K, committed 80332K, reserved 1120256K
  class space    used 9284K, capacity 9618K, committed 9728K, reserved 1048576K
}
Event: 2432.017 GC heap after
{Heap after GC invocations=67 (full 6):
 garbage-first heap   total 96256K, used 37588K [0x00000000a1800000, 0x0000000100000000)
  region size 1024K, 0 young (0K), 0 survivors (0K)
 Metaspace       used 79152K, capacity 80155K, committed 80332K, reserved 1120256K
  class space    used 9283K, capacity 9615K, committed 9728K, reserved 1048576K
}
Event: 2432.699 GC heap before
{Heap before GC invocations=67 (full 6):
 garbage-first heap   total 96256K, used 76500K [0x00000000a1800000, 0x0000000100000000)
  region size 1024K, 38 young (38912K), 0 survivors (0K)
 Metaspace       used 79179K, capacity 80179K, committed 80332K, reserved 1120256K
  class space    used 9287K, capacity 9621K, committed 9728K, reserved 1048576K
}
Event: 2432.705 GC heap after
{Heap after GC invocations=68 (full 6):
 garbage-first heap   total 96256K, used 40304K [0x00000000a1800000, 0x0000000100000000)
  region size 1024K, 3 young (3072K), 3 survivors (3072K)
 Metaspace       used 79179K, capacity 80179K, committed 80332K, reserved 1120256K
  class space    used 9287K, capacity 9621K, committed 9728K, reserved 1048576K
}
Event: 2433.161 GC heap before
{Heap before GC invocations=68 (full 6):
 garbage-first heap   total 96256K, used 76144K [0x00000000a1800000, 0x0000000100000000)
  region size 1024K, 39 young (39936K), 3 survivors (3072K)
 Metaspace       used 79238K, capacity 80283K, committed 80588K, reserved 1120256K
  class space    used 9292K, capacity 9656K, committed 9728K, reserved 1048576K
}
Event: 2433.168 GC heap after
{Heap after GC invocations=69 (full 6):
 garbage-first heap   total 96256K, used 41453K [0x00000000a1800000, 0x0000000100000000)
  region size 1024K, 4 young (4096K), 4 survivors (4096K)
 Metaspace       used 79238K, capacity 80283K, committed 80588K, reserved 1120256K
  class space    used 9292K, capacity 9656K, committed 9728K, reserved 1048576K
}
Event: 2434.455 GC heap before
{Heap before GC invocations=69 (full 6):
 garbage-first heap   total 96256K, used 76269K [0x00000000a1800000, 0x0000000100000000)
  region size 1024K, 39 young (39936K), 4 survivors (4096K)
 Metaspace       used 79452K, capacity 80502K, committed 80588K, reserved 1120256K
  class space    used 9301K, capacity 9661K, committed 9728K, reserved 1048576K
}
Event: 2434.464 GC heap after
{Heap after GC invocations=70 (full 6):
 garbage-first heap   total 96256K, used 42918K [0x00000000a1800000, 0x0000000100000000)
  region size 1024K, 4 young (4096K), 4 survivors (4096K)
 Metaspace       used 79452K, capacity 80502K, committed 80588K, reserved 1120256K
  class space    used 9301K, capacity 9661K, committed 9728K, reserved 1048576K
}
Event: 2437.965 GC heap before
{Heap before GC invocations=70 (full 6):
 garbage-first heap   total 96256K, used 75686K [0x00000000a1800000, 0x0000000100000000)
  region size 1024K, 36 young (36864K), 4 survivors (4096K)
 Metaspace       used 79642K, capacity 80768K, committed 80844K, reserved 1120256K
  class space    used 9308K, capacity 9663K, committed 9728K, reserved 1048576K
}
Event: 2437.986 GC heap after
{Heap after GC invocations=71 (full 6):
 garbage-first heap   total 96256K, used 44439K [0x00000000a1800000, 0x0000000100000000)
  region size 1024K, 4 young (4096K), 4 survivors (4096K)
 Metaspace       used 79642K, capacity 80768K, committed 80844K, reserved 1120256K
  class space    used 9308K, capacity 9663K, committed 9728K, reserved 1048576K
}
Event: 2489.696 GC heap before
{Heap before GC invocations=71 (full 6):
 garbage-first heap   total 96256K, used 48535K [0x00000000a1800000, 0x0000000100000000)
  region size 1024K, 9 young (9216K), 4 survivors (4096K)
 Metaspace       used 79686K, capacity 80774K, committed 80844K, reserved 1120256K
  class space    used 9312K, capacity 9665K, committed 9728K, reserved 1048576K
}

